2022-04-15 03:02:56,267 [INFO] app: Before Request
2022-04-15 03:02:56,381 [INFO] app: After Request
2022-04-15 03:02:57,850 [INFO] app: Before Request
2022-04-15 03:02:57,863 [INFO] app: After Request
2022-04-15 03:02:58,640 [INFO] app: Before Request
2022-04-15 03:02:58,646 [INFO] app: Info level log
2022-04-15 03:02:58,646 [WARNING] app: Warning level log
2022-04-15 03:02:58,649 [INFO] app: Browse page loading
2022-04-15 03:02:58,701 [INFO] app: After Request
2022-04-15 03:02:58,736 [INFO] app: Before Request
2022-04-15 03:04:12,168 [INFO] app: Before Request
2022-04-15 03:04:12,281 [INFO] app: After Request
2022-04-15 03:04:12,979 [INFO] app: Before Request
2022-04-15 03:04:12,985 [INFO] app: Info level log
2022-04-15 03:04:12,985 [WARNING] app: Warning level log
2022-04-15 03:04:12,988 [INFO] app: Browse page loading
2022-04-15 03:04:13,039 [INFO] app: After Request
2022-04-15 03:04:13,074 [INFO] app: Before Request
2022-04-15 03:04:13,966 [INFO] app: Before Request
2022-04-15 03:04:13,979 [INFO] app: After Request
2022-04-15 03:05:07,160 [INFO] app: Before Request
2022-04-15 03:05:07,175 [INFO] app: Info level log
2022-04-15 03:05:07,175 [WARNING] app: Warning level log
2022-04-15 03:05:07,177 [INFO] app: Browse page loading
2022-04-15 03:05:07,320 [INFO] app: After Request
2022-04-15 03:05:07,357 [INFO] app: Before Request
2022-04-15 03:05:08,730 [INFO] app: Before Request
2022-04-15 03:05:08,743 [INFO] app: After Request
